<?xml version="1.0" encoding="UTF-8"?>
<!-- Generated by org.testng.reporters.JUnitReportReporter -->
<testsuite hostname="RP-INTUNE-uiEfh" failures="0" tests="1" name="testPack.formAuth" time="53.012" errors="0" timestamp="2021-05-27T12:09:39 IST" skipped="0">
  <testcase classname="testPack.formAuth" name="getAccessToken" time="53.012"/>
  <system-out/>
</testsuite> <!-- testPack.formAuth -->
