<?xml version="1.0" encoding="UTF-8"?>
<!-- Generated by org.testng.reporters.JUnitReportReporter -->
<testsuite hostname="RP-INTUNE-uiEfh" failures="0" tests="1" name="testPack.DemoTest" time="2.503" errors="0" timestamp="2021-05-27T08:34:22 IST" skipped="0">
  <testcase classname="testPack.DemoTest" name="getToken" time="2.503"/>
  <system-out/>
</testsuite> <!-- testPack.DemoTest -->
